build/app/outputs/mapping/release/seeds.txt
com.example.delicia.MainActivity: MainActivity()
com.example.delicia.MainActivity
...
io.flutter.plugins.firebase.auth.FlutterFirebaseAuthRegistrar: FlutterFirebaseAuthRegistrar()
com.google.android.gms.internal.measurement.zzdb: int zza
com.google.android.gms.internal.firebase-auth-api.zzge
androidx.core.app.RemoteActionCompatParcelizer: androidx.core.app.RemoteActionCompat read(androidx.versionedparcelable.VersionedParcel)
com.google.firestore.v1.DocumentDelete: int removedTargetIdsMemoizedSerializedSize
com.google.rpc.Status
com.google.protobuf.FieldType: com.google.protobuf.FieldType valueOf(java.lang.String)
com.google.android.gms.measurement.AppMeasurement$ConditionalUserProperty: long mTimeToLive
com.google.android.gms.internal.firebase-auth-api.zzjo: com.google.android.gms.internal.firebase-auth-api.zzjo zzf
androidx.appcompat.widget.AppCompatSpinner: int getDropDownWidth()
com.google.firestore.v1.DocumentTransform$FieldTransform$TransformTypeCase: com.google.firestore.v1.DocumentTransform$FieldTransform$TransformTypeCase[] values()
com.google.firestore.v1.StructuredQuery$UnaryFilter: int operandTypeCase_
com.google.android.gms.internal.firebase-auth-api.zzeo: com.google.android.gms.internal.firebase-auth-api.zzeo zzf
com.google.android.gms.internal.firebase-auth-api.zzeo: com.google.android.gms.internal.firebase-auth-api.zzer zze
com.google.android.gms.internal.firebase-auth-api.zzlz: android.os.Parcelable$Creator CREATOR
androidx.vectordrawable.graphics.drawable.VectorDrawableCompat$VGroup: float getScaleY()
com.google.type.LatLng: com.google.protobuf.Parser PARSER
androidx.appcompat.widget.ContentFrameLayout: void setAttachListener(androidx.appcompat.widget.ContentFrameLayout$OnAttachListener)
androidx.appcompat.app.AlertController$RecycleListView
androidx.appcompat.widget.Toolbar: int getContentInsetStart()
com.google.android.gms.internal.measurement.zzdj: com.google.android.gms.internal.measurement.zzdj zzZ
io.flutter.embedding.engine.systemchannels.PlatformChannel$Brightness: io.flutter.embedding.engine.systemchannels.PlatformChannel$Brightness valueOf(java.lang.String)
com.google.android.gms.internal.firebase-auth-api.zznj: android.os.Parcelable$Creator CREATOR
com.yalantis.ucrop.view.CropImageView: void setCropRect(android.graphics.RectF)
androidx.appcompat.widget.AppCompatAutoCompleteTextView: void setBackgroundResource(int)
androidx.vectordrawable.graphics.drawable.VectorDrawableCompat$VGroup: void setPivotY(float)
androidx.appcompat.widget.AppCompatCheckBox: void setSupportBackgroundTintList(android.content.res.ColorStateList)
com.yalantis.ucrop.view.OverlayView: void setTargetAspectRatio(float)
io.flutter.plugin.editing.ImeSyncDeferringInsetsCallback: boolean access$300(io.flutter.plugin.editing.ImeSyncDeferringInsetsCallback)
com.google.android.gms.internal.firebase-auth-api.zzjr: com.google.android.gms.internal.firebase-auth-api.zzjr zzb
com.google.firestore.v1.WriteResult: com.google.protobuf.Parser PARSER
com.google.firebase.firestore.proto.WriteBatch: com.google.firebase.firestore.proto.WriteBatch DEFAULT_INSTANCE
com.google.firestore.v1.StructuredQuery: com.google.firestore.v1.Cursor endAt_
androidx.appcompat.widget.SearchView: void setOnQueryTextFocusChangeListener(android.view.View$OnFocusChangeListener)
com.google.android.gms.internal.firebase-auth-api.zzhb: int zzb
com.google.android.gms.internal.measurement.zzhp: com.google.android.gms.internal.measurement.zzhj zza
com.google.firestore.v1.DocumentRemove: com.google.firestore.v1.DocumentRemove DEFAULT_INSTANCE
com.yalantis.ucrop.view.OverlayView: void setCropFrameStrokeWidth(int)
com.google.android.gms.internal.firebase-auth-api.zzfa: com.google.android.gms.internal.firebase-auth-api.zzfg zze
com.google.firebase.firestore.proto.Target: com.google.protobuf.Parser PARSER
com.yalantis.ucrop.view.UCropView: com.yalantis.ucrop.view.GestureCropImageView getCropImageView()
com.google.firestore.v1.Write: int VERIFY_FIELD_NUMBER
com.google.firestore.v1.DocumentTransform: int DOCUMENT_FIELD_NUMBER