build/app/outputs/mapping/release/mapping.txt
# compiler: R8
# compiler_version: 2.1.62
# min_api: 16
# pg_map_id: 8528ee5
# common_typos_disable
...
com.google.firestore.v1.DocumentTransform$FieldTransform -> b.b.d.a.m$c:
    com.google.firestore.v1.DocumentTransform$FieldTransform access$000() -> T
    void access$1700(com.google.firestore.v1.DocumentTransform$FieldTransform,com.google.firestore.v1.ArrayValue) -> U
    void access$200(com.google.firestore.v1.DocumentTransform$FieldTransform,java.lang.String) -> V
    void access$2000(com.google.firestore.v1.DocumentTransform$FieldTransform,com.google.firestore.v1.ArrayValue) -> W
    void access$600(com.google.firestore.v1.DocumentTransform$FieldTransform,com.google.firestore.v1.DocumentTransform$FieldTransform$ServerValue) -> X
    void access$800(com.google.firestore.v1.DocumentTransform$FieldTransform,com.google.firestore.v1.Value) -> Y
    com.google.firestore.v1.ArrayValue getAppendMissingElements() -> Z
    java.lang.String getFieldPath() -> a0
    com.google.firestore.v1.Value getIncrement() -> b0
    com.google.firestore.v1.ArrayValue getRemoveAllFromArray() -> c0
    com.google.firestore.v1.DocumentTransform$FieldTransform$ServerValue getSetToServerValue() -> d0
    com.google.firestore.v1.DocumentTransform$FieldTransform$TransformTypeCase getTransformTypeCase() -> e0
    com.google.firestore.v1.DocumentTransform$FieldTransform$Builder newBuilder() -> f0
    void setAppendMissingElements(com.google.firestore.v1.ArrayValue) -> g0
    void setFieldPath(java.lang.String) -> h0
    void setIncrement(com.google.firestore.v1.Value) -> i0
com.google.firestore.v1.DocumentTransform$FieldTransform$Builder -> b.b.d.a.m$c$a:
    com.google.firestore.v1.DocumentTransform$FieldTransform$Builder setAppendMissingElements(com.google.firestore.v1.ArrayValue$Builder) -> B
    com.google.firestore.v1.DocumentTransform$FieldTransform$Builder setFieldPath(java.lang.String) -> D
    com.google.firestore.v1.DocumentTransform$FieldTransform$Builder setIncrement(com.google.firestore.v1.Value) -> E
    com.google.firestore.v1.DocumentTransform$FieldTransform$Builder setRemoveAllFromArray(com.google.firestore.v1.ArrayValue$Builder) -> F
    com.google.firestore.v1.DocumentTransform$FieldTransform$Builder setSetToServerValue(com.google.firestore.v1.DocumentTransform$FieldTransform$ServerValue) -> H
com.google.firestore.v1.DocumentTransform$FieldTransform$ServerValue -> b.b.d.a.m$c$b:
    com.google.firestore.v1.DocumentTransform$FieldTransform$ServerValue[] $VALUES -> h
    com.google.firestore.v1.DocumentTransform$FieldTransform$ServerValue REQUEST_TIME -> f
    com.google.firestore.v1.DocumentTransform$FieldTransform$ServerValue UNRECOGNIZED -> g
    com.google.firestore.v1.DocumentTransform$FieldTransform$ServerValue SERVER_VALUE_UNSPECIFIED -> e
    int value -> d
    int getNumber() -> d
    com.google.firestore.v1.DocumentTransform$FieldTransform$ServerValue forNumber(int) -> e
com.google.firestore.v1.DocumentTransform$FieldTransform$TransformTypeCase -> b.b.d.a.m$c$c:
    com.google.firestore.v1.DocumentTransform$FieldTransform$TransformTypeCase MINIMUM -> g
    com.google.firestore.v1.DocumentTransform$FieldTransform$TransformTypeCase MAXIMUM -> f
    com.google.firestore.v1.DocumentTransform$FieldTransform$TransformTypeCase[] $VALUES -> k
    com.google.firestore.v1.DocumentTransform$FieldTransform$TransformTypeCase INCREMENT -> e
    com.google.firestore.v1.DocumentTransform$FieldTransform$TransformTypeCase SET_TO_SERVER_VALUE -> d
    com.google.firestore.v1.DocumentTransform$FieldTransform$TransformTypeCase TRANSFORMTYPE_NOT_SET -> j
    com.google.firestore.v1.DocumentTransform$FieldTransform$TransformTypeCase REMOVE_ALL_FROM_ARRAY -> i
    com.google.firestore.v1.DocumentTransform$FieldTransform$TransformTypeCase APPEND_MISSING_ELEMENTS -> h
    com.google.firestore.v1.DocumentTransform$FieldTransform$TransformTypeCase forNumber(int) -> e