build/app/outputs/mapping/release/usage.txt
com.example.delicia.R$mipmap
com.example.delicia.R
com.example.delicia.R$string
com.example.delicia.R$interpolator
com.example.delicia.R$style
com.example.delicia.R$anim
com.example.delicia.R$menu
com.example.delicia.R$styleable
com.example.delicia.R$bool
com.example.delicia.R$id
com.example.delicia.BuildConfig
com.example.delicia.R$drawable
com.example.delicia.R$xml
com.example.delicia.R$color
com.example.delicia.R$dimen
com.example.delicia.R$layout
com.example.delicia.R$attr
com.example.delicia.R$integer
...
com.baseflow.permissionhandler.R$integer
io.flutter.plugins.flutter_plugin_android_lifecycle.R$color
com.google.common.collect.StandardRowSortedTable$1
io.grpc.ServerServiceDefinition$Builder
kotlin.coroutines.experimental.SequenceBuilderIterator
com.google.common.base.Converter$1$1
com.google.android.gms.common.api.internal.BaseImplementation$ResultHolder
io.grpc.internal.GrpcUtil$GrpcBuildVersion
com.google.common.util.concurrent.AbstractIdleService$DelegateService$2
io.grpc.StatusException:
    public final io.grpc.Metadata getTrailers()
    private static final long serialVersionUID
com.google.common.collect.Serialization$FieldSetter
kotlin.reflect.KMutableProperty0
kotlin.text.StringsKt__IndentKt$getIndentFunction$1
androidx.viewpager.widget.PagerTabStrip$2
com.google.common.primitives.ImmutableDoubleArray
kotlin.coroutines.intrinsics.CoroutineSingletons
com.google.firestore.v1.RunQueryResponse$Builder
kotlin.text.StringsKt___StringsKt$windowedSequence$2
androidx.transition.ViewUtilsApi29:
    public void setAnimationMatrix(android.view.View,android.graphics.Matrix)
io.grpc.stub.ServerCalls$UnaryMethod
com.google.protobuf.Enum$Builder
androidx.appcompat.widget.ActionMenuPresenter:
    public void setWidthLimit(int,boolean)
    public void setItemLimit(int)
    public boolean isOverflowReserved()
    public android.os.Parcelable onSaveInstanceState()
    public void onRestoreInstanceState(android.os.Parcelable)
    public void onSubUiVisibilityChanged(boolean)
    private static final java.lang.String TAG
com.google.firebase.provider.FirebaseInitProvider:
    private static final java.lang.String TAG
    static final java.lang.String EMPTY_APPLICATION_ID_PROVIDER_AUTHORITY
com.google.common.collect.FluentIterable
com.google.common.collect.NullsFirstOrdering
com.google.common.collect.Sets$5$1$1
com.google.common.collect.AbstractMultimap$EntrySet
com.google.protobuf.DescriptorProtos$DescriptorProto
com.google.android.gms.measurement.AppMeasurement$ConditionalUserProperty:
    public void <init>(com.google.android.gms.measurement.AppMeasurement$ConditionalUserProperty)
com.google.common.util.concurrent.AbstractService$1
com.google.type.Date$Builder
com.google.type.Quaternion$Builder
io.flutter.app.FlutterActivityEvents
kotlin.ranges.UIntProgressionIterator
com.google.firestore.v1.BeginTransactionResponse$1
com.google.common.collect.RegularImmutableMap
com.google.android.gms.common.api.internal.zaq
io.grpc.internal.AbstractServerStream$Sink
com.google.common.collect.TreeRangeMap$SubRangeMap$1
com.google.common.util.concurrent.CombinedFuture$AsyncCallableInterruptibleTask
com.google.protobuf.DoubleValue$Builder
kotlin.TypeCastException:
    public void <init>()
com.google.api.AuthenticationRule$Builder
com.google.common.collect.Sets$2$1
com.baseflow.permissionhandler.R$id
kotlin.jvm.internal.TypeReference$WhenMappings
com.google.android.gms.internal.firebase-auth-api.zzyx:
    private void <init>()
com.google.common.cache.CacheBuilderSpec$MaximumWeightParser